<?xml version="1.0" encoding="UTF-8"?>
<coverage generated="1529594400421" clover="3.2.0">
  <project timestamp="1529594400421" name="All files">
    <metrics statements="16" coveredstatements="16" conditionals="9" coveredconditionals="9" methods="7" coveredmethods="7" elements="32" coveredelements="32" complexity="0" loc="16" ncloc="16" packages="1" files="1" classes="1">
      <file name="index.js" path="/home/francisco/projects/travel/index.js">
        <metrics statements="16" coveredstatements="16" conditionals="9" coveredconditionals="9" methods="7" coveredmethods="7"/>
        <line num="1" count="1" type="stmt"/>
        <line num="19" count="2" type="stmt"/>
        <line num="21" count="2" type="cond" truecount="1" falsecount="0"/>
        <line num="23" count="2" type="stmt"/>
        <line num="32" count="4" type="stmt"/>
        <line num="33" count="3" type="stmt"/>
        <line num="34" count="3" type="stmt"/>
        <line num="36" count="17" type="stmt"/>
        <line num="46" count="2" type="stmt"/>
        <line num="48" count="67" type="cond" truecount="4" falsecount="0"/>
        <line num="49" count="2" type="stmt"/>
        <line num="51" count="65" type="cond" truecount="2" falsecount="0"/>
        <line num="52" count="64" type="cond" truecount="2" falsecount="0"/>
        <line num="53" count="52" type="stmt"/>
        <line num="55" count="12" type="stmt"/>
        <line num="58" count="2" type="stmt"/>
      </file>
    </metrics>
  </project>
</coverage>
