{"/home/francisco/projects/travel/index.js": {"path":"/home/francisco/projects/travel/index.js","statementMap":{"0":{"start":{"line":1,"column":0},"end":{"line":60,"column":3}},"1":{"start":{"line":19,"column":2},"end":{"line":19,"column":59}},"2":{"start":{"line":21,"column":2},"end":{"line":59,"column":3}},"3":{"start":{"line":23,"column":4},"end":{"line":23,"column":42}},"4":{"start":{"line":32,"column":4},"end":{"line":38,"column":7}},"5":{"start":{"line":32,"column":26},"end":{"line":32,"column":27}},"6":{"start":{"line":33,"column":25},"end":{"line":33,"column":46}},"7":{"start":{"line":34,"column":6},"end":{"line":37,"column":8}},"8":{"start":{"line":36,"column":8},"end":{"line":36,"column":43}},"9":{"start":{"line":46,"column":17},"end":{"line":56,"column":5}},"10":{"start":{"line":48,"column":6},"end":{"line":50,"column":7}},"11":{"start":{"line":49,"column":8},"end":{"line":49,"column":25}},"12":{"start":{"line":51,"column":6},"end":{"line":51,"column":41}},"13":{"start":{"line":51,"column":22},"end":{"line":51,"column":41}},"14":{"start":{"line":52,"column":6},"end":{"line":54,"column":7}},"15":{"start":{"line":53,"column":8},"end":{"line":53,"column":53}},"16":{"start":{"line":55,"column":6},"end":{"line":55,"column":23}},"17":{"start":{"line":58,"column":4},"end":{"line":58,"column":43}}},"fnMap":{"0":{"name":"(anonymous_0)","decl":{"start":{"line":1,"column":1},"end":{"line":1,"column":2}},"loc":{"start":{"line":1,"column":28},"end":{"line":16,"column":1}},"line":1},"1":{"name":"(anonymous_1)","decl":{"start":{"line":16,"column":13},"end":{"line":16,"column":14}},"loc":{"start":{"line":16,"column":37},"end":{"line":60,"column":1}},"line":16},"2":{"name":"(anonymous_2)","decl":{"start":{"line":21,"column":9},"end":{"line":21,"column":10}},"loc":{"start":{"line":21,"column":29},"end":{"line":59,"column":3}},"line":21},"3":{"name":"(anonymous_3)","decl":{"start":{"line":32,"column":21},"end":{"line":32,"column":22}},"loc":{"start":{"line":32,"column":26},"end":{"line":32,"column":27}},"line":32},"4":{"name":"(anonymous_4)","decl":{"start":{"line":32,"column":37},"end":{"line":32,"column":38}},"loc":{"start":{"line":32,"column":44},"end":{"line":38,"column":5}},"line":32},"5":{"name":"(anonymous_5)","decl":{"start":{"line":34,"column":24},"end":{"line":34,"column":25}},"loc":{"start":{"line":34,"column":48},"end":{"line":37,"column":7}},"line":34},"6":{"name":"(anonymous_6)","decl":{"start":{"line":46,"column":17},"end":{"line":46,"column":18}},"loc":{"start":{"line":46,"column":38},"end":{"line":56,"column":5}},"line":46}},"branchMap":{"0":{"loc":{"start":{"line":21,"column":19},"end":{"line":21,"column":27}},"type":"default-arg","locations":[{"start":{"line":21,"column":25},"end":{"line":21,"column":27}}],"line":21},"1":{"loc":{"start":{"line":48,"column":6},"end":{"line":50,"column":7}},"type":"if","locations":[{"start":{"line":48,"column":6},"end":{"line":50,"column":7}},{"start":{"line":48,"column":6},"end":{"line":50,"column":7}}],"line":48},"2":{"loc":{"start":{"line":48,"column":10},"end":{"line":48,"column":56}},"type":"binary-expr","locations":[{"start":{"line":48,"column":10},"end":{"line":48,"column":45}},{"start":{"line":48,"column":49},"end":{"line":48,"column":56}}],"line":48},"3":{"loc":{"start":{"line":51,"column":6},"end":{"line":51,"column":41}},"type":"if","locations":[{"start":{"line":51,"column":6},"end":{"line":51,"column":41}},{"start":{"line":51,"column":6},"end":{"line":51,"column":41}}],"line":51},"4":{"loc":{"start":{"line":52,"column":6},"end":{"line":54,"column":7}},"type":"if","locations":[{"start":{"line":52,"column":6},"end":{"line":54,"column":7}},{"start":{"line":52,"column":6},"end":{"line":54,"column":7}}],"line":52}},"s":{"0":1,"1":2,"2":2,"3":2,"4":2,"5":4,"6":3,"7":3,"8":17,"9":2,"10":67,"11":2,"12":65,"13":1,"14":64,"15":52,"16":12,"17":2},"f":{"0":1,"1":2,"2":2,"3":4,"4":3,"5":17,"6":67},"b":{"0":[1],"1":[2,65],"2":[67,18],"3":[1,64],"4":[52,12]},"_coverageSchema":"332fd63041d2c1bcb487cc26dd0d5f7d97098a6c","hash":"62f24afcb8024b1445a4f6112a682017cd3feac3"}
}
