TN:
SF:/home/francisco/projects/travel/index.js
FN:1,(anonymous_0)
FN:16,(anonymous_1)
FN:21,(anonymous_2)
FN:32,(anonymous_3)
FN:32,(anonymous_4)
FN:34,(anonymous_5)
FN:46,(anonymous_6)
FNF:7
FNH:7
FNDA:1,(anonymous_0)
FNDA:2,(anonymous_1)
FNDA:2,(anonymous_2)
FNDA:4,(anonymous_3)
FNDA:3,(anonymous_4)
FNDA:17,(anonymous_5)
FNDA:67,(anonymous_6)
DA:1,1
DA:19,2
DA:21,2
DA:23,2
DA:32,4
DA:33,3
DA:34,3
DA:36,17
DA:46,2
DA:48,67
DA:49,2
DA:51,65
DA:52,64
DA:53,52
DA:55,12
DA:58,2
LF:16
LH:16
BRDA:21,0,0,1
BRDA:48,1,0,2
BRDA:48,1,1,65
BRDA:48,2,0,67
BRDA:48,2,1,18
BRDA:51,3,0,1
BRDA:51,3,1,64
BRDA:52,4,0,52
BRDA:52,4,1,12
BRF:9
BRH:9
end_of_record
